<?xml version="1.0" encoding="UTF-8"?>
<testsuite name="com.example.pixellot.PixellotApplicationTests" tests="1" skipped="0" failures="0" errors="0" timestamp="2024-12-23T00:31:59" hostname="JOOWON_HONG" time="0.652">
  <properties/>
  <testcase name="contextLoads()" classname="com.example.pixellot.PixellotApplicationTests" time="0.652"/>
  <system-out><![CDATA[09:31:57.966 [Test worker] INFO org.springframework.test.context.support.AnnotationConfigContextLoaderUtils -- Could not detect default configuration classes for test class [com.example.pixellot.PixellotApplicationTests]: PixellotApplicationTests does not declare any static, non-private, non-final, nested classes annotated with @Configuration.
09:31:58.122 [Test worker] INFO org.springframework.boot.test.context.SpringBootTestContextBootstrapper -- Found @SpringBootConfiguration com.example.pixellot.PixellotApplication for test class com.example.pixellot.PixellotApplicationTests

  .   ____          _            __ _ _
 /\\ / ___'_ __ _ _(_)_ __  __ _ \ \ \ \
( ( )\___ | '_ | '_| | '_ \/ _` | \ \ \ \
 \\/  ___)| |_)| | | | | || (_| |  ) ) ) )
  '  |____| .__|_| |_|_| |_\__, | / / / /
 =========|_|==============|___/=/_/_/_/
 :: Spring Boot ::                (v3.2.0)

2024-12-23T09:31:58.552+09:00  INFO 18780 --- [    Test worker] c.e.pixellot.PixellotApplicationTests    : Starting PixellotApplicationTests using Java 23.0.1 with PID 18780 (started by jwhon in C:\Users\jwhon\Coding\pixellot1210)
2024-12-23T09:31:58.555+09:00  INFO 18780 --- [    Test worker] c.e.pixellot.PixellotApplicationTests    : No active profile set, falling back to 1 default profile: "default"
2024-12-23T09:31:59.528+09:00  INFO 18780 --- [    Test worker] o.s.b.a.w.s.WelcomePageHandlerMapping    : Adding welcome page: class path resource [static/index.html]
2024-12-23T09:31:59.830+09:00  INFO 18780 --- [    Test worker] c.e.pixellot.PixellotApplicationTests    : Started PixellotApplicationTests in 1.5 seconds (process running for 2.803)
]]></system-out>
  <system-err><![CDATA[WARNING: A Java agent has been loaded dynamically (C:\Users\jwhon\.gradle\caches\modules-2\files-2.1\net.bytebuddy\byte-buddy-agent\1.14.10\90ed94ac044ea8953b224304c762316e91fd6b31\byte-buddy-agent-1.14.10.jar)
WARNING: If a serviceability tool is in use, please run with -XX:+EnableDynamicAgentLoading to hide this warning
WARNING: If a serviceability tool is not in use, please run with -Djdk.instrument.traceUsage for more information
WARNING: Dynamic loading of agents will be disallowed by default in a future release
]]></system-err>
</testsuite>
